Using pre-set license
Built from '2022.3/release' branch; Version is '2022.3.20f1 (61c2feb0970d) revision 6406910'; Using compiler version '192829333'; Build Type 'Release'
OS: 'Windows 11  (10.0.22000) 64bit Core' Language: 'en' Physical Memory: 7898 MB
BatchMode: 1, IsHumanControllingUs: 0, StartBugReporterOnCrash: 0, Is64bit: 1, IsPro: 1

COMMAND LINE ARGUMENTS:
C:\Program Files\Unity\Hub\Editor\2022.3.20f1\Editor\Unity.exe
-adb2
-batchMode
-noUpm
-name
AssetImportWorker11
-projectPath
C:/Users/alexa/OneDrive - Trinity College Dublin/Year 2/Semester2/SWENG Project/SWENG10/homeRenovations
-logFile
Logs/AssetImportWorker11.log
-srvPort
50533
Successfully changed project path to: C:/Users/alexa/OneDrive - Trinity College Dublin/Year 2/Semester2/SWENG Project/SWENG10/homeRenovations
C:/Users/alexa/OneDrive - Trinity College Dublin/Year 2/Semester2/SWENG Project/SWENG10/homeRenovations
[UnityMemory] Configuration Parameters - Can be set up in boot.config
    "memorysetup-bucket-allocator-granularity=16"
    "memorysetup-bucket-allocator-bucket-count=8"
    "memorysetup-bucket-allocator-block-size=33554432"
    "memorysetup-bucket-allocator-block-count=8"
    "memorysetup-main-allocator-block-size=16777216"
    "memorysetup-thread-allocator-block-size=16777216"
    "memorysetup-gfx-main-allocator-block-size=16777216"
    "memorysetup-gfx-thread-allocator-block-size=16777216"
    "memorysetup-cache-allocator-block-size=4194304"
    "memorysetup-typetree-allocator-block-size=2097152"
    "memorysetup-profiler-bucket-allocator-granularity=16"
    "memorysetup-profiler-bucket-allocator-bucket-count=8"
    "memorysetup-profiler-bucket-allocator-block-size=33554432"
    "memorysetup-profiler-bucket-allocator-block-count=8"
    "memorysetup-profiler-allocator-block-size=16777216"
    "memorysetup-profiler-editor-allocator-block-size=1048576"
    "memorysetup-temp-allocator-size-main=16777216"
    "memorysetup-job-temp-allocator-block-size=2097152"
    "memorysetup-job-temp-allocator-block-size-background=1048576"
    "memorysetup-job-temp-allocator-reduction-small-platforms=262144"
    "memorysetup-allocator-temp-initial-block-size-main=262144"
    "memorysetup-allocator-temp-initial-block-size-worker=262144"
    "memorysetup-temp-allocator-size-background-worker=32768"
    "memorysetup-temp-allocator-size-job-worker=262144"
    "memorysetup-temp-allocator-size-preload-manager=33554432"
    "memorysetup-temp-allocator-size-nav-mesh-worker=65536"
    "memorysetup-temp-allocator-size-audio-worker=65536"
    "memorysetup-temp-allocator-size-cloud-worker=32768"
    "memorysetup-temp-allocator-size-gi-baking-worker=262144"
    "memorysetup-temp-allocator-size-gfx=262144"
Player connection [3556] Host "[IP] 192.168.56.1 [Port] 0 [Flags] 2 [Guid] 2135163274 [EditorId] 2135163274 [Version] 1048832 [Id] WindowsEditor(7,DESKTOP-HHOSMUM) [Debug] 1 [PackageName] WindowsEditor [ProjectName] Editor" joined multi-casting on [225.0.0.222:54997]...

Player connection [3556] Host "[IP] 192.168.56.1 [Port] 0 [Flags] 2 [Guid] 2135163274 [EditorId] 2135163274 [Version] 1048832 [Id] WindowsEditor(7,DESKTOP-HHOSMUM) [Debug] 1 [PackageName] WindowsEditor [ProjectName] Editor" joined alternative multi-casting on [225.0.0.222:34997]...

[Physics::Module] Initialized MultithreadedJobDispatcher with 7 workers.
Refreshing native plugins compatible for Editor in 52.08 ms, found 17 plugins.
Preloading 0 native plugins for Editor in 0.00 ms.
Initialize engine version: 2022.3.20f1 (61c2feb0970d)
[Subsystems] Discovering subsystems at path C:/Program Files/Unity/Hub/Editor/2022.3.20f1/Editor/Data/Resources/UnitySubsystems
[Subsystems] Discovering subsystems at path C:/Users/alexa/OneDrive - Trinity College Dublin/Year 2/Semester2/SWENG Project/SWENG10/homeRenovations/Assets
GfxDevice: creating device client; threaded=0; jobified=0
Direct3D:
    Version:  Direct3D 11.0 [level 11.1]
    Renderer: Intel(R) Iris(R) Xe Graphics (ID=0x9a49)
    Vendor:   Intel
    VRAM:     3949 MB
    Driver:   31.0.101.4502
Initialize mono
Mono path[0] = 'C:/Program Files/Unity/Hub/Editor/2022.3.20f1/Editor/Data/Managed'
Mono path[1] = 'C:/Program Files/Unity/Hub/Editor/2022.3.20f1/Editor/Data/MonoBleedingEdge/lib/mono/unityjit-win32'
Mono config path = 'C:/Program Files/Unity/Hub/Editor/2022.3.20f1/Editor/Data/MonoBleedingEdge/etc'
Using monoOptions --debugger-agent=transport=dt_socket,embedding=1,server=y,suspend=n,address=127.0.0.1:56792
Begin MonoManager ReloadAssembly
Registering precompiled unity dll's ...
Register platform support module: C:/Program Files/Unity/Hub/Editor/2022.3.20f1/Editor/Data/PlaybackEngines/WebGLSupport/UnityEditor.WebGL.Extensions.dll
Register platform support module: C:/Program Files/Unity/Hub/Editor/2022.3.20f1/Editor/Data/PlaybackEngines/WindowsStandaloneSupport/UnityEditor.WindowsStandalone.Extensions.dll
Register platform support module: C:/Program Files/Unity/Hub/Editor/2022.3.20f1/Editor/Data/PlaybackEngines/MetroSupport/UnityEditor.UWP.Extensions.dll
Registered in 0.005701 seconds.
- Loaded All Assemblies, in  0.325 seconds
Native extension for UWP target not found
Native extension for WindowsStandalone target not found
Native extension for WebGL target not found
Mono: successfully reloaded assembly
- Finished resetting the current domain, in  0.255 seconds
Domain Reload Profiling: 580ms
	BeginReloadAssembly (96ms)
		ExecutionOrderSort (0ms)
		DisableScriptedObjects (0ms)
		BackupInstance (0ms)
		ReleaseScriptingObjects (0ms)
		CreateAndSetChildDomain (1ms)
	RebuildCommonClasses (32ms)
	RebuildNativeTypeToScriptingClass (10ms)
	initialDomainReloadingComplete (62ms)
	LoadAllAssembliesAndSetupDomain (125ms)
		LoadAssemblies (94ms)
		RebuildTransferFunctionScriptingTraits (0ms)
		AnalyzeDomain (123ms)
			TypeCache.Refresh (122ms)
				TypeCache.ScanAssembly (110ms)
			ScanForSourceGeneratedMonoScriptInfo (0ms)
			ResolveRequiredComponents (0ms)
	FinalizeReload (256ms)
		ReleaseScriptCaches (0ms)
		RebuildScriptCaches (0ms)
		SetupLoadedEditorAssemblies (199ms)
			LogAssemblyErrors (0ms)
			InitializePlatformSupportModulesInManaged (9ms)
			SetLoadedEditorAssemblies (6ms)
			RefreshPlugins (0ms)
			BeforeProcessingInitializeOnLoad (2ms)
			ProcessInitializeOnLoadAttributes (135ms)
			ProcessInitializeOnLoadMethodAttributes (47ms)
			AfterProcessingInitializeOnLoad (0ms)
			EditorAssembliesLoaded (0ms)
		ExecutionOrderSort2 (0ms)
		AwakeInstancesAfterBackupRestoration (0ms)
========================================================================
Worker process is ready to serve import requests
Begin MonoManager ReloadAssembly
- Loaded All Assemblies, in  0.679 seconds
Refreshing native plugins compatible for Editor in 12.47 ms, found 17 plugins.
Native extension for UWP target not found
Native extension for WindowsStandalone target not found
Native extension for WebGL target not found
Package Manager log level set to [2]
[Package Manager] Server::EnsureServerProcessIsRunning -- launch failed, reason: Unity was launched with the -noUpm command-line argument
[Package Manager] UpmClient::Send -- Unable to send message (not connected to UPM process).
[Package Manager] Cannot connect to Unity Package Manager local server
[Package Manager] Server::EnsureServerProcessIsRunning -- launch failed, reason: Unity was launched with the -noUpm command-line argument
[Package Manager] UpmClient::Send -- Unable to send message (not connected to UPM process).
[Package Manager] Cannot connect to Unity Package Manager local server
Mono: successfully reloaded assembly
[Package Manager] Server::EnsureServerProcessIsRunning -- launch failed, reason: Unity was launched with the -noUpm command-line argument
[Package Manager] UpmClient::Send -- Unable to send message (not connected to UPM process).
[Package Manager] Cannot connect to Unity Package Manager local server
[Package Manager] Server::EnsureServerProcessIsRunning -- launch failed, reason: Unity was launched with the -noUpm command-line argument
[Package Manager] UpmClient::Send -- Unable to send message (not connected to UPM process).
[Package Manager] Cannot connect to Unity Package Manager local server
- Finished resetting the current domain, in  0.805 seconds
Domain Reload Profiling: 1481ms
	BeginReloadAssembly (123ms)
		ExecutionOrderSort (0ms)
		DisableScriptedObjects (5ms)
		BackupInstance (0ms)
		ReleaseScriptingObjects (0ms)
		CreateAndSetChildDomain (18ms)
	RebuildCommonClasses (32ms)
	RebuildNativeTypeToScriptingClass (11ms)
	initialDomainReloadingComplete (35ms)
	LoadAllAssembliesAndSetupDomain (475ms)
		LoadAssemblies (286ms)
		RebuildTransferFunctionScriptingTraits (0ms)
		AnalyzeDomain (257ms)
			TypeCache.Refresh (214ms)
				TypeCache.ScanAssembly (195ms)
			ScanForSourceGeneratedMonoScriptInfo (28ms)
			ResolveRequiredComponents (13ms)
	FinalizeReload (805ms)
		ReleaseScriptCaches (0ms)
		RebuildScriptCaches (0ms)
		SetupLoadedEditorAssemblies (595ms)
			LogAssemblyErrors (0ms)
			InitializePlatformSupportModulesInManaged (7ms)
			SetLoadedEditorAssemblies (8ms)
			RefreshPlugins (0ms)
			BeforeProcessingInitializeOnLoad (111ms)
			ProcessInitializeOnLoadAttributes (394ms)
			ProcessInitializeOnLoadMethodAttributes (71ms)
			AfterProcessingInitializeOnLoad (4ms)
			EditorAssembliesLoaded (0ms)
		ExecutionOrderSort2 (0ms)
		AwakeInstancesAfterBackupRestoration (6ms)
Launched and connected shader compiler UnityShaderCompiler.exe after 0.04 seconds
Refreshing native plugins compatible for Editor in 14.46 ms, found 17 plugins.
Preloading 0 native plugins for Editor in 0.00 ms.
Unloading 5653 Unused Serialized files (Serialized files now loaded: 0)
Unloading 108 unused Assets / (1.3 MB). Loaded Objects now: 6140.
Memory consumption went from 204.3 MB to 203.0 MB.
Total: 5.657600 ms (FindLiveObjects: 0.426900 ms CreateObjectMapping: 0.257100 ms MarkObjects: 4.296000 ms  DeleteObjects: 0.676400 ms)

AssetImportParameters requested are different than current active one (requested -> active):
  custom:container-demuxer-ogg: 62fdf1f143b41e24485cea50d1cbac27 -> 
  custom:video-codec-MediaFoundation-h265: 746d11721c4dcdbdad8f713fa42b33f4 -> 
  custom:video-decoder-ogg-theora: a1e56fd34408186e4bbccfd4996cb3dc -> 
  custom:framework-win-MediaFoundation: 216162199b28c13a410421893ffa2e32 -> 
  custom:CustomObjectIndexerAttribute: 6d391050e5a25f67b0a2c618074f2cd9 -> 
  custom:container-demuxer-webm: 4f35f7cbe854078d1ac9338744f61a02 -> 
  custom:container-muxer-webm: aa71ff27fc2769a1b78a27578f13a17b -> 
  custom:video-decoder-webm-vp8: 9c59270c3fd7afecdb556c50c9e8de78 -> 
  custom:SearchIndexIgnoredProperties: e643bd26f0fe6173181afceb89e7c659 -> 
  custom:AudioImporter_EditorPlatform: d09bf68614088b80899f8185d706f6e7 -> 
  custom:video-encoder-webm-vp8: eb34c28f22e8b96e1ab97ce403110664 -> 
  custom:audio-decoder-ogg-vorbis: bf7c407c2cedff20999df2af8eb42d56 -> 
  custom:audio-encoder-webm-vorbis: bf7c407c2cedff20999df2af8eb42d56 -> 
========================================================================
Received Import Request.
  Time since last request: 3328.584901 seconds.
  path: Assets/ULTIMATE PROPS/prefab/Lounge_Chair.prefab
  artifactKey: Guid(583f8652e9d592f4ca4246ba56615fb0) Importer(815301076,1909f56bfc062723c751e8b465ee728b)
Start importing Assets/ULTIMATE PROPS/prefab/Lounge_Chair.prefab using Guid(583f8652e9d592f4ca4246ba56615fb0) Importer(815301076,1909f56bfc062723c751e8b465ee728b)  -> (artifact id: 'adfa4b93512399c0fb094ee921965c6f') in 0.035682 seconds
Number of updated asset objects reloaded before import = 0
Number of asset objects unloaded after import = 7
========================================================================
Received Import Request.
  Time since last request: 0.471555 seconds.
  path: Assets/ULTIMATE PROPS/prefab/LawnChair_01_2.prefab
  artifactKey: Guid(6e4dd55bffb4fce4c8901a7b9edebb47) Importer(815301076,1909f56bfc062723c751e8b465ee728b)
Start importing Assets/ULTIMATE PROPS/prefab/LawnChair_01_2.prefab using Guid(6e4dd55bffb4fce4c8901a7b9edebb47) Importer(815301076,1909f56bfc062723c751e8b465ee728b)  -> (artifact id: '071c5e1e53466dbbcfc1a91280c8b3da') in 0.002217 seconds
Number of updated asset objects reloaded before import = 0
Number of asset objects unloaded after import = 7
========================================================================
Received Import Request.
  Time since last request: 1.088612 seconds.
  path: Assets/ULTIMATE PROPS/prefab/GardenChair.prefab
  artifactKey: Guid(8d3baad5cfee59140910b2b28a9a6157) Importer(815301076,1909f56bfc062723c751e8b465ee728b)
Start importing Assets/ULTIMATE PROPS/prefab/GardenChair.prefab using Guid(8d3baad5cfee59140910b2b28a9a6157) Importer(815301076,1909f56bfc062723c751e8b465ee728b)  -> (artifact id: '85895b5dedbd787abce5c38a357f89d8') in 0.002370 seconds
Number of updated asset objects reloaded before import = 0
Number of asset objects unloaded after import = 7
========================================================================
Received Import Request.
  Time since last request: 1.244203 seconds.
  path: Assets/ULTIMATE PROPS/prefab/Furn_LeatherArmChair.prefab
  artifactKey: Guid(8ece5563f3eb28f4cb5066493de3c7ef) Importer(815301076,1909f56bfc062723c751e8b465ee728b)
Start importing Assets/ULTIMATE PROPS/prefab/Furn_LeatherArmChair.prefab using Guid(8ece5563f3eb28f4cb5066493de3c7ef) Importer(815301076,1909f56bfc062723c751e8b465ee728b)  -> (artifact id: '293cd69d35d186f8e18558e41621791a') in 0.093022 seconds
Number of updated asset objects reloaded before import = 0
Number of asset objects unloaded after import = 11
========================================================================
Received Import Request.
  Time since last request: 0.522491 seconds.
  path: Assets/ULTIMATE PROPS/prefab/FoldingChair.prefab
  artifactKey: Guid(6101a3524483b1541a8be5e7edf681e5) Importer(815301076,1909f56bfc062723c751e8b465ee728b)
Start importing Assets/ULTIMATE PROPS/prefab/FoldingChair.prefab using Guid(6101a3524483b1541a8be5e7edf681e5) Importer(815301076,1909f56bfc062723c751e8b465ee728b)  -> (artifact id: '153a1191899da1ce6e9572a8e9e8e590') in 0.003125 seconds
Number of updated asset objects reloaded before import = 0
Number of asset objects unloaded after import = 7
========================================================================
Received Import Request.
  Time since last request: 17.943179 seconds.
  path: Assets/ULTIMATE PROPS/prefab/Cult_Prop_Chair_Large_C.prefab
  artifactKey: Guid(1ce2109397d6b904c81fce207e17c591) Importer(815301076,1909f56bfc062723c751e8b465ee728b)
Start importing Assets/ULTIMATE PROPS/prefab/Cult_Prop_Chair_Large_C.prefab using Guid(1ce2109397d6b904c81fce207e17c591) Importer(815301076,1909f56bfc062723c751e8b465ee728b)  -> (artifact id: 'f85cadf8b978f7e1506a10f18eb5b233') in 0.002425 seconds
Number of updated asset objects reloaded before import = 0
Number of asset objects unloaded after import = 7
========================================================================
Received Import Request.
  Time since last request: 0.499254 seconds.
  path: Assets/ULTIMATE PROPS/prefab/ChairA.prefab
  artifactKey: Guid(76a1ae60aec17ca48a811945b7ab896f) Importer(815301076,1909f56bfc062723c751e8b465ee728b)
Start importing Assets/ULTIMATE PROPS/prefab/ChairA.prefab using Guid(76a1ae60aec17ca48a811945b7ab896f) Importer(815301076,1909f56bfc062723c751e8b465ee728b)  -> (artifact id: 'a6fd50e594165458bd9a6a2d6388accc') in 0.002172 seconds
Number of updated asset objects reloaded before import = 0
Number of asset objects unloaded after import = 7
========================================================================
Received Import Request.
  Time since last request: 0.721986 seconds.
  path: Assets/ULTIMATE PROPS/prefab/Chair_2.prefab
  artifactKey: Guid(28970ddc6bd3f3d4e85f1a0d3c0c90c3) Importer(815301076,1909f56bfc062723c751e8b465ee728b)
Start importing Assets/ULTIMATE PROPS/prefab/Chair_2.prefab using Guid(28970ddc6bd3f3d4e85f1a0d3c0c90c3) Importer(815301076,1909f56bfc062723c751e8b465ee728b)  -> (artifact id: 'b200c99c134a4ea5274b9753d01c2158') in 0.002451 seconds
Number of updated asset objects reloaded before import = 0
Number of asset objects unloaded after import = 7
========================================================================
Received Import Request.
  Time since last request: 1.092206 seconds.
  path: Assets/ULTIMATE PROPS/prefab/Chair.prefab
  artifactKey: Guid(1151bc01f84dc4649a4f5e2d044db2e9) Importer(815301076,1909f56bfc062723c751e8b465ee728b)
Start importing Assets/ULTIMATE PROPS/prefab/Chair.prefab using Guid(1151bc01f84dc4649a4f5e2d044db2e9) Importer(815301076,1909f56bfc062723c751e8b465ee728b)  -> (artifact id: 'f63eeab11ddbf32e78dba5d32cb751ba') in 0.002533 seconds
Number of updated asset objects reloaded before import = 0
Number of asset objects unloaded after import = 7
========================================================================
Received Import Request.
  Time since last request: 17.852464 seconds.
  path: Assets/ULTIMATE PROPS/prefab/Atrium_Chair.prefab
  artifactKey: Guid(a41112373c8448f4cab1912fd9784752) Importer(815301076,1909f56bfc062723c751e8b465ee728b)
Start importing Assets/ULTIMATE PROPS/prefab/Atrium_Chair.prefab using Guid(a41112373c8448f4cab1912fd9784752) Importer(815301076,1909f56bfc062723c751e8b465ee728b)  -> (artifact id: '64ddd3b5290d0139f78a8193f521d8fb') in 0.002883 seconds
Number of updated asset objects reloaded before import = 0
Number of asset objects unloaded after import = 7
========================================================================
Received Import Request.
  Time since last request: 0.000022 seconds.
  path: Assets/ULTIMATE PROPS/prefab/Building_Int_Desk_Chair_2.prefab
  artifactKey: Guid(a5223fd64aa405a43ac10a5a6dbfe696) Importer(815301076,1909f56bfc062723c751e8b465ee728b)
Start importing Assets/ULTIMATE PROPS/prefab/Building_Int_Desk_Chair_2.prefab using Guid(a5223fd64aa405a43ac10a5a6dbfe696) Importer(815301076,1909f56bfc062723c751e8b465ee728b)  -> (artifact id: '89067cea9aa65d494b95b863e4e29364') in 0.002607 seconds
Number of updated asset objects reloaded before import = 0
Number of asset objects unloaded after import = 7
========================================================================
Received Import Request.
  Time since last request: 23.692404 seconds.
  path: Assets/Brick Project Studio/Apartment Kit/_Prefabs/Props/Kitchen/Plate_Apt_02.prefab
  artifactKey: Guid(677e48bdd6cf48e42ac397a1a8a64075) Importer(815301076,1909f56bfc062723c751e8b465ee728b)
Start importing Assets/Brick Project Studio/Apartment Kit/_Prefabs/Props/Kitchen/Plate_Apt_02.prefab using Guid(677e48bdd6cf48e42ac397a1a8a64075) Importer(815301076,1909f56bfc062723c751e8b465ee728b)  -> (artifact id: '7d0d2bee64a068d0e5c14851818d80c7') in 0.039026 seconds
Number of updated asset objects reloaded before import = 0
Number of asset objects unloaded after import = 9
========================================================================
Received Import Request.
  Time since last request: 0.888919 seconds.
  path: Assets/Brick Project Studio/Apartment Kit/_Prefabs/Apt Build Kit/Interiors/Frames Windows Stairs & Doors/Int_apt_01_Staircase_01.prefab
  artifactKey: Guid(3cdb710f55b8ba342bfc746fcebede5b) Importer(815301076,1909f56bfc062723c751e8b465ee728b)
Start importing Assets/Brick Project Studio/Apartment Kit/_Prefabs/Apt Build Kit/Interiors/Frames Windows Stairs & Doors/Int_apt_01_Staircase_01.prefab using Guid(3cdb710f55b8ba342bfc746fcebede5b) Importer(815301076,1909f56bfc062723c751e8b465ee728b)  -> (artifact id: '6180b9d5fe2ba60f162009d39a0a8a54') in 0.111104 seconds
Number of updated asset objects reloaded before import = 0
Number of asset objects unloaded after import = 20
========================================================================
Received Import Request.
  Time since last request: 3.563413 seconds.
  path: Assets/ULTIMATE PROPS/prefab/Bustedchair.prefab
  artifactKey: Guid(c91aaa59ae7c6914abdfd4ad051edf6c) Importer(815301076,1909f56bfc062723c751e8b465ee728b)
Start importing Assets/ULTIMATE PROPS/prefab/Bustedchair.prefab using Guid(c91aaa59ae7c6914abdfd4ad051edf6c) Importer(815301076,1909f56bfc062723c751e8b465ee728b)  -> (artifact id: '88912cf418b9739047a6d974f05de82a') in 0.004524 seconds
Number of updated asset objects reloaded before import = 0
Number of asset objects unloaded after import = 7
========================================================================
Received Import Request.
  Time since last request: 40.503340 seconds.
  path: Assets/ULTIMATE PROPS/prefab/item_flower3.prefab
  artifactKey: Guid(86b7e566bcf9baa47996162aad1f51a2) Importer(815301076,1909f56bfc062723c751e8b465ee728b)
Start importing Assets/ULTIMATE PROPS/prefab/item_flower3.prefab using Guid(86b7e566bcf9baa47996162aad1f51a2) Importer(815301076,1909f56bfc062723c751e8b465ee728b)  -> (artifact id: 'e4adcd16b37e08df81cf652210f1dd1f') in 0.147947 seconds
Number of updated asset objects reloaded before import = 0
Number of asset objects unloaded after import = 55
Editor requested this worker to shutdown with reason: Scaling down because of idle timeout
TcpMessagingSession - receive error: operation aborted. errorcode: 995, details: The I/O operation has been aborted because of either a thread exit or an application request.
AssetImportWorker is now disconnected from the server
Process exiting
Exiting without the bug reporter. Application will terminate with return code 0