Unity Editor version:    2022.3.20f1 (61c2feb0970d)
Branch:                  2022.3/release
Build type:              Release
Batch mode:              YES
macOS version:           Version 14.1 (Build 23B2073)
Darwin version:          23.1.0
Architecture:            arm64
Running under Rosetta:   NO
Available memory:        18432 MB
Using pre-set license
Pro License: YES

COMMAND LINE ARGUMENTS:
/Applications/Unity/Hub/Editor/2022.3.20f1/Unity.app/Contents/MacOS/Unity
-adb2
-batchMode
-noUpm
-name
AssetImportWorker7
-projectPath
/Users/cansuer/Downloads/Myproject-main
-logFile
Logs/AssetImportWorker7.log
-srvPort
54096
Successfully changed project path to: /Users/cansuer/Downloads/Myproject-main
/Users/cansuer/Downloads/Myproject-main
[UnityMemory] Configuration Parameters - Can be set up in boot.config
    "memorysetup-bucket-allocator-granularity=16"
    "memorysetup-bucket-allocator-bucket-count=8"
    "memorysetup-bucket-allocator-block-size=33554432"
    "memorysetup-bucket-allocator-block-count=8"
    "memorysetup-main-allocator-block-size=16777216"
    "memorysetup-thread-allocator-block-size=16777216"
    "memorysetup-gfx-main-allocator-block-size=16777216"
    "memorysetup-gfx-thread-allocator-block-size=16777216"
    "memorysetup-cache-allocator-block-size=4194304"
    "memorysetup-typetree-allocator-block-size=2097152"
    "memorysetup-profiler-bucket-allocator-granularity=16"
    "memorysetup-profiler-bucket-allocator-bucket-count=8"
    "memorysetup-profiler-bucket-allocator-block-size=33554432"
    "memorysetup-profiler-bucket-allocator-block-count=8"
    "memorysetup-profiler-allocator-block-size=16777216"
    "memorysetup-profiler-editor-allocator-block-size=1048576"
    "memorysetup-temp-allocator-size-main=16777216"
    "memorysetup-job-temp-allocator-block-size=2097152"
    "memorysetup-job-temp-allocator-block-size-background=1048576"
    "memorysetup-job-temp-allocator-reduction-small-platforms=262144"
    "memorysetup-allocator-temp-initial-block-size-main=262144"
    "memorysetup-allocator-temp-initial-block-size-worker=262144"
    "memorysetup-temp-allocator-size-background-worker=32768"
    "memorysetup-temp-allocator-size-job-worker=262144"
    "memorysetup-temp-allocator-size-preload-manager=33554432"
    "memorysetup-temp-allocator-size-nav-mesh-worker=65536"
    "memorysetup-temp-allocator-size-audio-worker=65536"
    "memorysetup-temp-allocator-size-cloud-worker=32768"
    "memorysetup-temp-allocator-size-gi-baking-worker=262144"
    "memorysetup-temp-allocator-size-gfx=262144"
Player connection [8109547200] Host "[IP] 10.6.95.24 [Port] 0 [Flags] 2 [Guid] 3032604565 [EditorId] 3032604565 [Version] 1048832 [Id] OSXEditor(0,Cans-MacBook-Pro.local) [Debug] 1 [PackageName] OSXEditor [ProjectName] Editor" joined multi-casting on [225.0.0.222:54997]...

Player connection [8109547200] Host "[IP] 10.6.95.24 [Port] 0 [Flags] 2 [Guid] 3032604565 [EditorId] 3032604565 [Version] 1048832 [Id] OSXEditor(0,Cans-MacBook-Pro.local) [Debug] 1 [PackageName] OSXEditor [ProjectName] Editor" joined alternative multi-casting on [225.0.0.222:34997]...

[Physics::Module] Initialized MultithreadedJobDispatcher with 10 workers.
Refreshing native plugins compatible for Editor in 26.93 ms, found 9 plugins.
Preloading 0 native plugins for Editor in 0.00 ms.
Initialize engine version: 2022.3.20f1 (61c2feb0970d)
[Subsystems] Discovering subsystems at path /Applications/Unity/Hub/Editor/2022.3.20f1/Unity.app/Contents/Resources/UnitySubsystems
[Subsystems] Discovering subsystems at path /Users/cansuer/Downloads/Myproject-main/Assets
GfxDevice: creating device client; threaded=0; jobified=0
 preferred device: Apple M3 Pro (high power)
Metal devices available: 1
0: Apple M3 Pro (high power)
Using device Apple M3 Pro (high power)
Initializing Metal device caps: Apple M3 Pro
Initialize mono
Mono path[0] = '/Applications/Unity/Hub/Editor/2022.3.20f1/Unity.app/Contents/Managed'
Mono path[1] = '/Applications/Unity/Hub/Editor/2022.3.20f1/Unity.app/Contents/MonoBleedingEdge/lib/mono/unityjit-macos'
Mono config path = '/Applications/Unity/Hub/Editor/2022.3.20f1/Unity.app/Contents/MonoBleedingEdge/etc'
Using monoOptions --debugger-agent=transport=dt_socket,embedding=1,server=y,suspend=n,address=127.0.0.1:56474
Begin MonoManager ReloadAssembly
Registering precompiled unity dll's ...
Register platform support module: /Applications/Unity/Hub/Editor/2022.3.20f1/PlaybackEngines/WebGLSupport/UnityEditor.WebGL.Extensions.dll
Register platform support module: /Applications/Unity/Hub/Editor/2022.3.20f1/Unity.app/Contents/PlaybackEngines/MacStandaloneSupport/UnityEditor.OSXStandalone.Extensions.dll
Registered in 0.001984 seconds.
- Loaded All Assemblies, in  0.201 seconds
Native extension for OSXStandalone target not found
Native extension for WebGL target not found
Mono: successfully reloaded assembly
- Finished resetting the current domain, in  0.150 seconds
Domain Reload Profiling: 351ms
	BeginReloadAssembly (58ms)
		ExecutionOrderSort (0ms)
		DisableScriptedObjects (0ms)
		BackupInstance (0ms)
		ReleaseScriptingObjects (0ms)
		CreateAndSetChildDomain (0ms)
	RebuildCommonClasses (21ms)
	RebuildNativeTypeToScriptingClass (8ms)
	initialDomainReloadingComplete (27ms)
	LoadAllAssembliesAndSetupDomain (87ms)
		LoadAssemblies (59ms)
		RebuildTransferFunctionScriptingTraits (0ms)
		AnalyzeDomain (86ms)
			TypeCache.Refresh (84ms)
				TypeCache.ScanAssembly (76ms)
			ScanForSourceGeneratedMonoScriptInfo (0ms)
			ResolveRequiredComponents (0ms)
	FinalizeReload (150ms)
		ReleaseScriptCaches (0ms)
		RebuildScriptCaches (0ms)
		SetupLoadedEditorAssemblies (114ms)
			LogAssemblyErrors (0ms)
			InitializePlatformSupportModulesInManaged (4ms)
			SetLoadedEditorAssemblies (3ms)
			RefreshPlugins (0ms)
			BeforeProcessingInitializeOnLoad (1ms)
			ProcessInitializeOnLoadAttributes (79ms)
			ProcessInitializeOnLoadMethodAttributes (26ms)
			AfterProcessingInitializeOnLoad (0ms)
			EditorAssembliesLoaded (0ms)
		ExecutionOrderSort2 (0ms)
		AwakeInstancesAfterBackupRestoration (0ms)
========================================================================
Worker process is ready to serve import requests
Begin MonoManager ReloadAssembly
- Loaded All Assemblies, in  0.435 seconds
Refreshing native plugins compatible for Editor in 3.57 ms, found 9 plugins.
Native extension for OSXStandalone target not found
Native extension for WebGL target not found
Package Manager log level set to [2]
[Package Manager] Server::EnsureServerProcessIsRunning -- launch failed, reason: Unity was launched with the -noUpm command-line argument
[Package Manager] UpmClient::Send -- Unable to send message (not connected to UPM process).
[Package Manager] Cannot connect to Unity Package Manager local server
[Package Manager] Server::EnsureServerProcessIsRunning -- launch failed, reason: Unity was launched with the -noUpm command-line argument
[Package Manager] UpmClient::Send -- Unable to send message (not connected to UPM process).
[Package Manager] Cannot connect to Unity Package Manager local server
Mono: successfully reloaded assembly
[Package Manager] Server::EnsureServerProcessIsRunning -- launch failed, reason: Unity was launched with the -noUpm command-line argument
[Package Manager] UpmClient::Send -- Unable to send message (not connected to UPM process).
[Package Manager] Cannot connect to Unity Package Manager local server
[Package Manager] Server::EnsureServerProcessIsRunning -- launch failed, reason: Unity was launched with the -noUpm command-line argument
[Package Manager] UpmClient::Send -- Unable to send message (not connected to UPM process).
[Package Manager] Cannot connect to Unity Package Manager local server
- Finished resetting the current domain, in  0.395 seconds
Domain Reload Profiling: 830ms
	BeginReloadAssembly (66ms)
		ExecutionOrderSort (0ms)
		DisableScriptedObjects (3ms)
		BackupInstance (0ms)
		ReleaseScriptingObjects (0ms)
		CreateAndSetChildDomain (14ms)
	RebuildCommonClasses (20ms)
	RebuildNativeTypeToScriptingClass (7ms)
	initialDomainReloadingComplete (19ms)
	LoadAllAssembliesAndSetupDomain (323ms)
		LoadAssemblies (208ms)
		RebuildTransferFunctionScriptingTraits (0ms)
		AnalyzeDomain (144ms)
			TypeCache.Refresh (123ms)
				TypeCache.ScanAssembly (108ms)
			ScanForSourceGeneratedMonoScriptInfo (14ms)
			ResolveRequiredComponents (7ms)
	FinalizeReload (396ms)
		ReleaseScriptCaches (0ms)
		RebuildScriptCaches (0ms)
		SetupLoadedEditorAssemblies (283ms)
			LogAssemblyErrors (0ms)
			InitializePlatformSupportModulesInManaged (3ms)
			SetLoadedEditorAssemblies (4ms)
			RefreshPlugins (0ms)
			BeforeProcessingInitializeOnLoad (48ms)
			ProcessInitializeOnLoadAttributes (193ms)
			ProcessInitializeOnLoadMethodAttributes (35ms)
			AfterProcessingInitializeOnLoad (0ms)
			EditorAssembliesLoaded (0ms)
		ExecutionOrderSort2 (0ms)
		AwakeInstancesAfterBackupRestoration (2ms)
Launching external process: /Applications/Unity/Hub/Editor/2022.3.20f1/Unity.app/Contents/Tools/UnityShaderCompiler
Launched and connected shader compiler UnityShaderCompiler after 0.04 seconds
Refreshing native plugins compatible for Editor in 3.60 ms, found 9 plugins.
Preloading 0 native plugins for Editor in 0.00 ms.
Unloading 5653 Unused Serialized files (Serialized files now loaded: 0)
Unloading 110 unused Assets / (1.6 MB). Loaded Objects now: 6144.
Memory consumption went from 213.2 MB to 211.6 MB.
Total: 3.354333 ms (FindLiveObjects: 0.181083 ms CreateObjectMapping: 0.055417 ms MarkObjects: 2.553791 ms  DeleteObjects: 0.563667 ms)

AssetImportParameters requested are different than current active one (requested -> active):
  custom:container-demuxer-ogg: 62fdf1f143b41e24485cea50d1cbac27 -> 
  custom:video-decoder-ogg-theora: a1e56fd34408186e4bbccfd4996cb3dc -> 
  custom:CustomObjectIndexerAttribute: 6d391050e5a25f67b0a2c618074f2cd9 -> 
  custom:container-demuxer-webm: 4f35f7cbe854078d1ac9338744f61a02 -> 
  custom:container-muxer-webm: aa71ff27fc2769a1b78a27578f13a17b -> 
  custom:video-decoder-webm-vp8: 9c59270c3fd7afecdb556c50c9e8de78 -> 
  custom:SearchIndexIgnoredProperties: e643bd26f0fe6173181afceb89e7c659 -> 
  custom:AudioImporter_EditorPlatform: 3918e3fc78b5a79bad01e8451be0beb8 -> 
  custom:framework-osx-AVFoundation: e770b220cccbd017edd2c1fefb359320 -> 
  custom:video-encoder-webm-vp8: eb34c28f22e8b96e1ab97ce403110664 -> 
  custom:audio-decoder-ogg-vorbis: bf7c407c2cedff20999df2af8eb42d56 -> 
  custom:audio-encoder-webm-vorbis: bf7c407c2cedff20999df2af8eb42d56 -> 
========================================================================
Received Import Request.
  Time since last request: 8243.257740 seconds.
  path: Assets/150Models/materials/horn_goat.mat
  artifactKey: Guid(c1b400113e10f3a4987218e0920f59c8) Importer(815301076,1909f56bfc062723c751e8b465ee728b)
Start importing Assets/150Models/materials/horn_goat.mat using Guid(c1b400113e10f3a4987218e0920f59c8) Importer(815301076,1909f56bfc062723c751e8b465ee728b)  -> (artifact id: '2e26814d91a6c6caea612c9931240529') in 0.235376 seconds
Number of updated asset objects reloaded before import = 0
Number of asset objects unloaded after import = 3
========================================================================
Received Import Request.
  Time since last request: 0.000033 seconds.
  path: Assets/150Models/materials/Wardrobe.mat
  artifactKey: Guid(7aeecc0fcc108d94199d6ed5c609962e) Importer(815301076,1909f56bfc062723c751e8b465ee728b)
Start importing Assets/150Models/materials/Wardrobe.mat using Guid(7aeecc0fcc108d94199d6ed5c609962e) Importer(815301076,1909f56bfc062723c751e8b465ee728b)  -> (artifact id: '38ed903cd68f3503c7cc2ce0c6b6c356') in 0.015147 seconds
Number of updated asset objects reloaded before import = 0
Number of asset objects unloaded after import = 3
========================================================================
Received Import Request.
  Time since last request: 1.624078 seconds.
  path: Assets/150Models/materials/DresserHandle.mat
  artifactKey: Guid(0a1491dea409e0d428eb52d79672ef84) Importer(815301076,1909f56bfc062723c751e8b465ee728b)
Start importing Assets/150Models/materials/DresserHandle.mat using Guid(0a1491dea409e0d428eb52d79672ef84) Importer(815301076,1909f56bfc062723c751e8b465ee728b)  -> (artifact id: 'f8a4a306c1067edde763549bec1adaf9') in 0.022198 seconds
Number of updated asset objects reloaded before import = 0
Number of asset objects unloaded after import = 3
========================================================================
Received Import Request.
  Time since last request: 0.000134 seconds.
  path: Assets/150Models/materials/Closet_01.mat
  artifactKey: Guid(1e4780a35e1ac9948ad6824fbbaaca87) Importer(815301076,1909f56bfc062723c751e8b465ee728b)
Start importing Assets/150Models/materials/Closet_01.mat using Guid(1e4780a35e1ac9948ad6824fbbaaca87) Importer(815301076,1909f56bfc062723c751e8b465ee728b)  -> (artifact id: '5104659134cae48190ade836ca05af20') in 0.009067 seconds
Number of updated asset objects reloaded before import = 0
Number of asset objects unloaded after import = 3
========================================================================
Received Import Request.
  Time since last request: 0.000417 seconds.
  path: Assets/150Models/materials/CabinetRustic.mat
  artifactKey: Guid(465487b4b3fced3429a9ef3b25191bac) Importer(815301076,1909f56bfc062723c751e8b465ee728b)
Start importing Assets/150Models/materials/CabinetRustic.mat using Guid(465487b4b3fced3429a9ef3b25191bac) Importer(815301076,1909f56bfc062723c751e8b465ee728b)  -> (artifact id: '2c418aec186df15c356c7c3393f444ed') in 0.018297 seconds
Number of updated asset objects reloaded before import = 0
Number of asset objects unloaded after import = 3
========================================================================
Received Import Request.
  Time since last request: 0.000210 seconds.
  path: Assets/150Models/materials/buffet_fix_1.mat
  artifactKey: Guid(3fa8fc5bf16abd943a96c57f4625ffb7) Importer(815301076,1909f56bfc062723c751e8b465ee728b)
Start importing Assets/150Models/materials/buffet_fix_1.mat using Guid(3fa8fc5bf16abd943a96c57f4625ffb7) Importer(815301076,1909f56bfc062723c751e8b465ee728b)  -> (artifact id: 'd29ecb5ddbd0b10b311c601bad392d72') in 0.011056 seconds
Number of updated asset objects reloaded before import = 0
Number of asset objects unloaded after import = 3
========================================================================
Received Import Request.
  Time since last request: 0.000101 seconds.
  path: Assets/150Models/materials/Cabinet-B_Inst.mat
  artifactKey: Guid(1494ea1ae3adc4b479ba8130e3ba9514) Importer(815301076,1909f56bfc062723c751e8b465ee728b)
Start importing Assets/150Models/materials/Cabinet-B_Inst.mat using Guid(1494ea1ae3adc4b479ba8130e3ba9514) Importer(815301076,1909f56bfc062723c751e8b465ee728b)  -> (artifact id: 'b931d84f53198bcad225f92e04f34ece') in 0.006169 seconds
Number of updated asset objects reloaded before import = 0
Number of asset objects unloaded after import = 3
========================================================================
Received Import Request.
  Time since last request: 0.006865 seconds.
  path: Assets/150Models/materials/Bed_02_Inst.mat
  artifactKey: Guid(0f0ad7562f4993d4ba9d3cb9f3ab169f) Importer(815301076,1909f56bfc062723c751e8b465ee728b)
Start importing Assets/150Models/materials/Bed_02_Inst.mat using Guid(0f0ad7562f4993d4ba9d3cb9f3ab169f) Importer(815301076,1909f56bfc062723c751e8b465ee728b)  -> (artifact id: '2cf046e1b66b5b98d09b964efa2318a1') in 0.006873 seconds
Number of updated asset objects reloaded before import = 0
Number of asset objects unloaded after import = 3
========================================================================
Received Import Request.
  Time since last request: 31.271209 seconds.
  path: Assets/150Models/texture/TX_Furn_IndoorPlant_01_A_N.tga
  artifactKey: Guid(0fe2ab651ed0ee24b839e32d10666f94) Importer(815301076,1909f56bfc062723c751e8b465ee728b)
Start importing Assets/150Models/texture/TX_Furn_IndoorPlant_01_A_N.tga using Guid(0fe2ab651ed0ee24b839e32d10666f94) Importer(815301076,1909f56bfc062723c751e8b465ee728b)  -> (artifact id: '0416a457408395a1002a78957ee097d4') in 0.037400 seconds
Number of updated asset objects reloaded before import = 0
Number of asset objects unloaded after import = 2
========================================================================
Received Import Request.
  Time since last request: 0.000062 seconds.
  path: Assets/150Models/texture/TX_Furn_TropheeCabinet_D.tga
  artifactKey: Guid(a81b0c3bb2e1b65429cf9c6ea31c398a) Importer(815301076,1909f56bfc062723c751e8b465ee728b)
Start importing Assets/150Models/texture/TX_Furn_TropheeCabinet_D.tga using Guid(a81b0c3bb2e1b65429cf9c6ea31c398a) Importer(815301076,1909f56bfc062723c751e8b465ee728b)  -> (artifact id: '26481ea2812b893bc12b83f324463241') in 0.012951 seconds
Number of updated asset objects reloaded before import = 0
Number of asset objects unloaded after import = 2
========================================================================
Received Import Request.
  Time since last request: 0.000150 seconds.
  path: Assets/150Models/texture/TX_Furn_LargeWornBookCase_D.tga
  artifactKey: Guid(582b3e0de76f82846a23b91896773c1d) Importer(815301076,1909f56bfc062723c751e8b465ee728b)
Start importing Assets/150Models/texture/TX_Furn_LargeWornBookCase_D.tga using Guid(582b3e0de76f82846a23b91896773c1d) Importer(815301076,1909f56bfc062723c751e8b465ee728b)  -> (artifact id: '772cf6e66cc720f17ab9b44fe78c7096') in 0.006675 seconds
Number of updated asset objects reloaded before import = 0
Number of asset objects unloaded after import = 2
Editor requested this worker to shutdown with reason: Scaling down because of idle timeout
TcpMessagingSession - receive error: operation aborted. errorcode: 89, details: Operation aborted.
AssetImportWorker is now disconnected from the server
Process exiting
